2022-05-20 13:23:13 INFO  Logs:10 - =====================================loginTest TEST START=========================================
2022-05-20 13:23:13 INFO  Logs:21 - user is going to click on SignIn
2022-05-20 13:23:16 INFO  Logs:21 - Enter Username and Password
2022-05-20 13:23:19 INFO  Logs:21 - Verifying if user is able to login
2022-05-20 13:23:19 INFO  Logs:21 - Login is Sucess
2022-05-20 13:23:19 INFO  Logs:14 - =====================================loginTest TEST END=========================================
2022-05-20 13:39:00 INFO  Logs:10 - =====================================verifyLogo TEST START=========================================
2022-05-20 13:39:00 INFO  Logs:14 - =====================================verifyLogo TEST END=========================================
2022-05-20 13:39:06 INFO  Logs:10 - =====================================verifyTitle TEST START=========================================
2022-05-20 13:39:06 INFO  Logs:14 - =====================================verifyTitle TEST END=========================================
2022-05-20 13:39:14 INFO  Logs:10 - =====================================verifyTotalPrice TEST START=========================================
2022-05-20 13:39:35 INFO  Logs:14 - =====================================verifyTotalPrice TEST END=========================================
2022-05-20 13:39:44 INFO  Logs:10 - =====================================productAvailabilityTest TEST START=========================================
2022-05-20 13:39:52 INFO  Logs:14 - =====================================productAvailabilityTest TEST END=========================================
2022-05-20 13:40:10 INFO  Logs:10 - =====================================addToCartTest TEST START=========================================
2022-05-20 13:40:36 INFO  Logs:10 - =====================================endToEndTest TEST START=========================================
2022-05-20 13:41:58 INFO  Logs:14 - =====================================endToEndTest TEST END=========================================
2022-05-20 13:42:09 INFO  Logs:10 - =====================================verifyCreateAccountPageTest TEST START=========================================
2022-05-20 13:42:33 INFO  Logs:10 - =====================================loginTest TEST START=========================================
2022-05-20 13:42:33 INFO  Logs:21 - user is going to click on SignIn
2022-05-20 13:42:41 INFO  Logs:21 - Enter Username and Password
2022-05-20 13:42:46 INFO  Logs:21 - Verifying if user is able to login
2022-05-20 13:42:46 INFO  Logs:21 - Login is Sucess
2022-05-20 13:42:46 INFO  Logs:14 - =====================================loginTest TEST END=========================================
2022-05-20 13:42:52 INFO  Logs:10 - =====================================orderHistoryandDetailsTest TEST START=========================================
2022-05-20 13:42:59 INFO  Logs:14 - =====================================orderHistoryandDetailsTest TEST END=========================================
2022-05-20 13:43:05 INFO  Logs:10 - =====================================wishListTest TEST START=========================================
2022-05-20 13:43:14 INFO  Logs:14 - =====================================wishListTest TEST END=========================================
2022-05-21 08:13:37 INFO  Logs:10 - =====================================verifyLogo TEST START=========================================
2022-05-21 08:13:37 INFO  Logs:14 - =====================================verifyLogo TEST END=========================================
2022-05-21 08:13:43 INFO  Logs:10 - =====================================verifyTitle TEST START=========================================
2022-05-21 08:13:43 INFO  Logs:14 - =====================================verifyTitle TEST END=========================================
2022-05-21 08:13:49 INFO  Logs:10 - =====================================loginTest TEST START=========================================
2022-05-21 08:13:49 INFO  Logs:21 - user is going to click on SignIn
2022-05-21 08:13:54 INFO  Logs:21 - Enter Username and Password
2022-05-21 08:13:59 INFO  Logs:21 - Verifying if user is able to login
2022-05-21 08:13:59 INFO  Logs:21 - Login is Sucess
2022-05-21 08:13:59 INFO  Logs:14 - =====================================loginTest TEST END=========================================
2022-05-21 08:17:59 INFO  Logs:10 - =====================================verifyLogo TEST START=========================================
2022-05-21 08:17:59 INFO  Logs:14 - =====================================verifyLogo TEST END=========================================
2022-05-21 08:18:06 INFO  Logs:10 - =====================================verifyTitle TEST START=========================================
2022-05-21 08:18:06 INFO  Logs:14 - =====================================verifyTitle TEST END=========================================
2022-05-21 08:18:12 INFO  Logs:10 - =====================================loginTest TEST START=========================================
2022-05-21 08:18:12 INFO  Logs:21 - user is going to click on SignIn
2022-05-21 08:18:16 INFO  Logs:21 - Enter Username and Password
2022-05-21 08:18:19 INFO  Logs:21 - Verifying if user is able to login
2022-05-21 08:18:19 INFO  Logs:21 - Login is Sucess
2022-05-21 08:18:19 INFO  Logs:14 - =====================================loginTest TEST END=========================================
2022-05-21 08:20:54 INFO  Logs:10 - =====================================verifyLogo TEST START=========================================
2022-05-21 08:20:54 INFO  Logs:14 - =====================================verifyLogo TEST END=========================================
2022-05-21 08:20:59 INFO  Logs:10 - =====================================verifyTitle TEST START=========================================
2022-05-21 08:20:59 INFO  Logs:14 - =====================================verifyTitle TEST END=========================================
2022-05-21 08:21:10 INFO  Logs:10 - =====================================loginTest TEST START=========================================
2022-05-21 08:21:10 INFO  Logs:21 - user is going to click on SignIn
2022-05-21 08:21:13 INFO  Logs:21 - Enter Username and Password
2022-05-21 08:21:17 INFO  Logs:21 - Verifying if user is able to login
2022-05-21 08:21:17 INFO  Logs:21 - Login is Sucess
2022-05-21 08:21:17 INFO  Logs:14 - =====================================loginTest TEST END=========================================
2022-05-21 08:27:57 INFO  Logs:10 - =====================================verifyLogo TEST START=========================================
2022-05-21 08:27:57 INFO  Logs:14 - =====================================verifyLogo TEST END=========================================
2022-05-21 08:28:03 INFO  Logs:10 - =====================================verifyTitle TEST START=========================================
2022-05-21 08:28:03 INFO  Logs:14 - =====================================verifyTitle TEST END=========================================
2022-05-21 08:28:09 INFO  Logs:10 - =====================================loginTest TEST START=========================================
2022-05-21 08:28:09 INFO  Logs:21 - user is going to click on SignIn
2022-05-21 08:28:14 INFO  Logs:21 - Enter Username and Password
2022-05-21 08:28:20 INFO  Logs:21 - Verifying if user is able to login
2022-05-21 08:28:20 INFO  Logs:21 - Login is Sucess
2022-05-21 08:28:20 INFO  Logs:14 - =====================================loginTest TEST END=========================================
2022-05-21 08:28:26 INFO  Logs:10 - =====================================orderHistoryandDetailsTest TEST START=========================================
2022-05-21 08:28:37 INFO  Logs:14 - =====================================orderHistoryandDetailsTest TEST END=========================================
2022-05-21 08:28:43 INFO  Logs:10 - =====================================wishListTest TEST START=========================================
2022-05-21 08:28:50 INFO  Logs:14 - =====================================wishListTest TEST END=========================================
2022-05-21 08:29:59 INFO  Logs:10 - =====================================verifyLogo TEST START=========================================
2022-05-21 08:29:59 INFO  Logs:14 - =====================================verifyLogo TEST END=========================================
2022-05-21 08:30:07 INFO  Logs:10 - =====================================verifyTitle TEST START=========================================
2022-05-21 08:30:07 INFO  Logs:14 - =====================================verifyTitle TEST END=========================================
2022-05-21 08:30:16 INFO  Logs:10 - =====================================productAvailabilityTest TEST START=========================================
2022-05-21 08:30:18 INFO  Logs:14 - =====================================productAvailabilityTest TEST END=========================================
2022-05-21 08:30:24 INFO  Logs:10 - =====================================loginTest TEST START=========================================
2022-05-21 08:30:24 INFO  Logs:21 - user is going to click on SignIn
2022-05-21 08:30:29 INFO  Logs:21 - Enter Username and Password
2022-05-21 08:30:33 INFO  Logs:21 - Verifying if user is able to login
2022-05-21 08:30:33 INFO  Logs:21 - Login is Sucess
2022-05-21 08:30:33 INFO  Logs:14 - =====================================loginTest TEST END=========================================
2022-05-21 08:30:39 INFO  Logs:10 - =====================================orderHistoryandDetailsTest TEST START=========================================
2022-05-21 08:30:47 INFO  Logs:14 - =====================================orderHistoryandDetailsTest TEST END=========================================
2022-05-21 08:30:53 INFO  Logs:10 - =====================================wishListTest TEST START=========================================
2022-05-21 08:31:01 INFO  Logs:14 - =====================================wishListTest TEST END=========================================
2022-05-21 08:31:20 INFO  Logs:10 - =====================================addToCartTest TEST START=========================================
2022-05-21 08:31:28 INFO  Logs:14 - =====================================addToCartTest TEST END=========================================
2022-05-21 08:31:33 INFO  Logs:10 - =====================================verifyCreateAccountPageTest TEST START=========================================
2022-05-21 08:31:53 INFO  Logs:10 - =====================================loginTest TEST START=========================================
2022-05-21 08:31:53 INFO  Logs:21 - user is going to click on SignIn
2022-05-21 08:31:55 INFO  Logs:21 - Enter Username and Password
2022-05-21 08:31:59 INFO  Logs:21 - Verifying if user is able to login
2022-05-21 08:31:59 INFO  Logs:21 - Login is Sucess
2022-05-21 08:31:59 INFO  Logs:14 - =====================================loginTest TEST END=========================================
2022-05-21 08:33:50 INFO  Logs:10 - =====================================addToCartTest TEST START=========================================
2022-05-21 08:33:57 INFO  Logs:14 - =====================================addToCartTest TEST END=========================================
2022-05-21 08:34:42 INFO  Logs:10 - =====================================addToCartTest TEST START=========================================
2022-05-21 08:34:49 INFO  Logs:14 - =====================================addToCartTest TEST END=========================================
2022-05-21 08:36:51 INFO  Logs:10 - =====================================verifyTotalPrice TEST START=========================================
2022-05-21 08:37:01 INFO  Logs:14 - =====================================verifyTotalPrice TEST END=========================================
2022-05-21 08:37:06 INFO  Logs:10 - =====================================addToCartTest TEST START=========================================
2022-05-21 08:37:14 INFO  Logs:14 - =====================================addToCartTest TEST END=========================================
2022-05-21 08:37:19 INFO  Logs:10 - =====================================endToEndTest TEST START=========================================
2022-05-21 08:37:39 INFO  Logs:14 - =====================================endToEndTest TEST END=========================================
2022-05-21 08:40:27 INFO  Logs:10 - =====================================verifyTotalPrice TEST START=========================================
2022-05-21 08:40:37 INFO  Logs:14 - =====================================verifyTotalPrice TEST END=========================================
2022-05-21 08:40:42 INFO  Logs:10 - =====================================addToCartTest TEST START=========================================
2022-05-21 08:40:52 INFO  Logs:14 - =====================================addToCartTest TEST END=========================================
2022-05-21 08:40:59 INFO  Logs:10 - =====================================endToEndTest TEST START=========================================
2022-05-21 08:41:26 INFO  Logs:14 - =====================================endToEndTest TEST END=========================================
2022-05-21 08:41:43 INFO  Logs:10 - =====================================verifyLogo TEST START=========================================
2022-05-21 08:41:44 INFO  Logs:14 - =====================================verifyLogo TEST END=========================================
2022-05-21 08:41:49 INFO  Logs:10 - =====================================verifyTitle TEST START=========================================
2022-05-21 08:41:49 INFO  Logs:14 - =====================================verifyTitle TEST END=========================================
2022-05-21 08:41:56 INFO  Logs:10 - =====================================productAvailabilityTest TEST START=========================================
2022-05-21 08:42:00 INFO  Logs:14 - =====================================productAvailabilityTest TEST END=========================================
2022-05-21 08:42:06 INFO  Logs:10 - =====================================loginTest TEST START=========================================
2022-05-21 08:42:06 INFO  Logs:21 - user is going to click on SignIn
2022-05-21 08:42:09 INFO  Logs:21 - Enter Username and Password
2022-05-21 08:42:13 INFO  Logs:21 - Verifying if user is able to login
2022-05-21 08:42:13 INFO  Logs:21 - Login is Sucess
2022-05-21 08:42:13 INFO  Logs:14 - =====================================loginTest TEST END=========================================
2022-05-21 08:42:18 INFO  Logs:10 - =====================================orderHistoryandDetailsTest TEST START=========================================
2022-05-21 08:42:28 INFO  Logs:14 - =====================================orderHistoryandDetailsTest TEST END=========================================
2022-05-21 08:42:34 INFO  Logs:10 - =====================================wishListTest TEST START=========================================
2022-05-21 08:42:42 INFO  Logs:14 - =====================================wishListTest TEST END=========================================
2022-05-21 08:45:27 INFO  Logs:10 - =====================================verifyLogo TEST START=========================================
2022-05-21 08:45:27 INFO  Logs:14 - =====================================verifyLogo TEST END=========================================
2022-05-21 08:45:33 INFO  Logs:10 - =====================================verifyTitle TEST START=========================================
2022-05-21 12:10:34 INFO  Logs:10 - =====================================verifyLogo TEST START=========================================
2022-05-21 12:10:34 INFO  Logs:14 - =====================================verifyLogo TEST END=========================================
2022-05-21 12:10:41 INFO  Logs:10 - =====================================verifyTitle TEST START=========================================
2022-05-21 12:10:41 INFO  Logs:14 - =====================================verifyTitle TEST END=========================================
2022-05-21 12:10:51 INFO  Logs:10 - =====================================verifyTotalPrice TEST START=========================================
2022-05-21 12:11:02 INFO  Logs:14 - =====================================verifyTotalPrice TEST END=========================================
2022-05-21 12:11:09 INFO  Logs:10 - =====================================productAvailabilityTest TEST START=========================================
2022-05-21 12:11:12 INFO  Logs:14 - =====================================productAvailabilityTest TEST END=========================================
2022-05-21 12:11:18 INFO  Logs:10 - =====================================addToCartTest TEST START=========================================
2022-05-21 12:11:28 INFO  Logs:14 - =====================================addToCartTest TEST END=========================================
2022-05-21 12:11:35 INFO  Logs:10 - =====================================endToEndTest TEST START=========================================
2022-05-21 12:11:57 INFO  Logs:14 - =====================================endToEndTest TEST END=========================================
2022-05-21 12:12:03 INFO  Logs:10 - =====================================verifyCreateAccountPageTest TEST START=========================================
2022-05-21 12:12:23 INFO  Logs:10 - =====================================loginTest TEST START=========================================
2022-05-21 12:12:23 INFO  Logs:21 - user is going to click on SignIn
2022-05-21 12:12:26 INFO  Logs:21 - Enter Username and Password
2022-05-21 12:12:31 INFO  Logs:21 - Verifying if user is able to login
2022-05-21 12:12:31 INFO  Logs:21 - Login is Sucess
2022-05-21 12:12:31 INFO  Logs:14 - =====================================loginTest TEST END=========================================
2022-05-21 12:12:37 INFO  Logs:10 - =====================================orderHistoryandDetailsTest TEST START=========================================
2022-05-21 12:12:45 INFO  Logs:14 - =====================================orderHistoryandDetailsTest TEST END=========================================
2022-05-21 12:12:51 INFO  Logs:10 - =====================================wishListTest TEST START=========================================
2022-05-21 12:12:59 INFO  Logs:14 - =====================================wishListTest TEST END=========================================
2022-05-21 12:24:29 INFO  Logs:10 - =====================================verifyCreateAccountPageTest TEST START=========================================
2022-05-21 12:24:35 INFO  Logs:14 - =====================================verifyCreateAccountPageTest TEST END=========================================
2022-05-21 12:25:57 INFO  Logs:10 - =====================================verifyLogo TEST START=========================================
2022-05-21 12:25:58 INFO  Logs:14 - =====================================verifyLogo TEST END=========================================
2022-05-21 12:26:04 INFO  Logs:10 - =====================================verifyTitle TEST START=========================================
2022-05-21 12:26:04 INFO  Logs:14 - =====================================verifyTitle TEST END=========================================
2022-05-21 12:26:11 INFO  Logs:10 - =====================================verifyTotalPrice TEST START=========================================
2022-05-21 12:26:21 INFO  Logs:14 - =====================================verifyTotalPrice TEST END=========================================
2022-05-21 12:26:27 INFO  Logs:10 - =====================================productAvailabilityTest TEST START=========================================
2022-05-21 12:26:30 INFO  Logs:14 - =====================================productAvailabilityTest TEST END=========================================
2022-05-21 12:26:36 INFO  Logs:10 - =====================================addToCartTest TEST START=========================================
2022-05-21 12:26:42 INFO  Logs:14 - =====================================addToCartTest TEST END=========================================
2022-05-21 12:26:48 INFO  Logs:10 - =====================================endToEndTest TEST START=========================================
2022-05-21 12:27:13 INFO  Logs:14 - =====================================endToEndTest TEST END=========================================
2022-05-21 12:27:19 INFO  Logs:10 - =====================================verifyCreateAccountPageTest TEST START=========================================
2022-05-21 12:27:24 INFO  Logs:14 - =====================================verifyCreateAccountPageTest TEST END=========================================
2022-05-21 12:27:30 INFO  Logs:10 - =====================================loginTest TEST START=========================================
2022-05-21 12:27:30 INFO  Logs:21 - user is going to click on SignIn
2022-05-21 12:27:32 INFO  Logs:21 - Enter Username and Password
2022-05-21 12:27:36 INFO  Logs:21 - Verifying if user is able to login
2022-05-21 12:27:36 INFO  Logs:21 - Login is Sucess
2022-05-21 12:27:36 INFO  Logs:14 - =====================================loginTest TEST END=========================================
2022-05-21 12:27:42 INFO  Logs:10 - =====================================orderHistoryandDetailsTest TEST START=========================================
2022-05-21 12:27:50 INFO  Logs:14 - =====================================orderHistoryandDetailsTest TEST END=========================================
2022-05-21 12:27:56 INFO  Logs:10 - =====================================wishListTest TEST START=========================================
2022-05-21 12:28:04 INFO  Logs:14 - =====================================wishListTest TEST END=========================================
2022-05-21 12:36:10 INFO  Logs:10 - =====================================verifyTotalPrice TEST START=========================================
2022-05-21 12:36:22 INFO  Logs:14 - =====================================verifyTotalPrice TEST END=========================================
2022-05-21 12:36:35 INFO  Logs:10 - =====================================addToCartTest TEST START=========================================
2022-05-21 12:36:48 INFO  Logs:14 - =====================================addToCartTest TEST END=========================================
2022-05-21 12:37:02 INFO  Logs:10 - =====================================endToEndTest TEST START=========================================
2022-05-21 12:37:26 INFO  Logs:14 - =====================================endToEndTest TEST END=========================================
2022-05-21 12:42:04 INFO  Logs:10 - =====================================verifyLogo TEST START=========================================
2022-05-21 12:42:04 INFO  Logs:14 - =====================================verifyLogo TEST END=========================================
2022-05-21 12:42:21 INFO  Logs:10 - =====================================verifyTitle TEST START=========================================
2022-05-21 12:42:21 INFO  Logs:14 - =====================================verifyTitle TEST END=========================================
2022-05-21 12:43:16 INFO  Logs:10 - =====================================verifyLogo TEST START=========================================
2022-05-21 12:43:17 INFO  Logs:14 - =====================================verifyLogo TEST END=========================================
2022-05-21 12:43:49 INFO  Logs:10 - =====================================verifyTitle TEST START=========================================
2022-05-21 12:43:49 INFO  Logs:14 - =====================================verifyTitle TEST END=========================================
2022-05-21 12:55:41 INFO  Logs:10 - =====================================verifyLogo TEST START=========================================
2022-05-21 12:55:41 INFO  Logs:14 - =====================================verifyLogo TEST END=========================================
2022-05-21 12:55:48 INFO  Logs:10 - =====================================verifyTitle TEST START=========================================
2022-05-21 12:55:48 INFO  Logs:14 - =====================================verifyTitle TEST END=========================================
2022-05-21 12:56:00 INFO  Logs:10 - =====================================verifyLogo TEST START=========================================
2022-05-21 12:56:01 INFO  Logs:14 - =====================================verifyLogo TEST END=========================================
2022-05-21 12:56:14 INFO  Logs:10 - =====================================verifyTitle TEST START=========================================
2022-05-21 12:56:14 INFO  Logs:14 - =====================================verifyTitle TEST END=========================================
2022-05-21 13:04:34 INFO  Logs:10 - 2022-05-21 13:04:43 INFO  Logs:14 - 2022-05-21 13:04:49 INFO  Logs:10 - 2022-05-21 13:04:56 INFO  Logs:14 - 2022-05-21 13:05:03 INFO  Logs:10 - 2022-05-21 13:05:24 INFO  Logs:14 - 2022-05-21 13:08:53 INFO  Logs:10 - =====================================verifyLogo TEST START=========================================
2022-05-21 13:08:53 INFO  Logs:14 - =====================================verifyLogo TEST END=========================================
2022-05-21 13:08:59 INFO  Logs:10 - =====================================verifyTitle TEST START=========================================
2022-05-21 13:08:59 INFO  Logs:14 - =====================================verifyTitle TEST END=========================================
2022-05-21 13:09:09 INFO  Logs:10 - =====================================verifyLogo TEST START=========================================
2022-05-21 13:09:09 INFO  Logs:14 - =====================================verifyLogo TEST END=========================================
2022-05-21 13:09:21 INFO  Logs:10 - =====================================verifyTitle TEST START=========================================
2022-05-21 13:09:21 INFO  Logs:14 - =====================================verifyTitle TEST END=========================================
2022-05-21 13:21:53 INFO  Logs:10 - =====================================verifyLogo TEST START=========================================
2022-05-21 13:21:53 INFO  Logs:10 - =====================================verifyTitle TEST START=========================================
2022-05-21 13:21:53 INFO  Logs:14 - =====================================verifyLogo TEST END=========================================
2022-05-21 13:21:53 INFO  Logs:14 - =====================================verifyTitle TEST END=========================================
2022-05-21 13:22:12 INFO  Logs:10 - =====================================verifyLogo TEST START=========================================
2022-05-21 13:22:12 INFO  Logs:10 - =====================================verifyTitle TEST START=========================================
2022-05-21 13:22:12 INFO  Logs:14 - =====================================verifyTitle TEST END=========================================
2022-05-21 13:22:13 INFO  Logs:14 - =====================================verifyLogo TEST END=========================================
2022-05-21 13:24:09 INFO  Logs:10 - =====================================verifyLogo TEST START=========================================
2022-05-21 13:24:09 INFO  Logs:14 - =====================================verifyLogo TEST END=========================================
2022-05-21 13:24:10 INFO  Logs:10 - =====================================verifyLogo TEST START=========================================
2022-05-21 13:24:10 INFO  Logs:14 - =====================================verifyLogo TEST END=========================================
2022-05-21 13:24:21 INFO  Logs:10 - =====================================verifyTitle TEST START=========================================
2022-05-21 13:24:21 INFO  Logs:14 - =====================================verifyTitle TEST END=========================================
2022-05-21 13:24:26 INFO  Logs:10 - =====================================verifyTitle TEST START=========================================
2022-05-21 13:24:26 INFO  Logs:14 - =====================================verifyTitle TEST END=========================================
2022-05-21 13:44:08 INFO  Logs:10 - =====================================verifyLogo TEST START=========================================
2022-05-21 13:44:08 INFO  Logs:14 - =====================================verifyLogo TEST END=========================================
2022-05-21 13:44:14 INFO  Logs:10 - =====================================verifyTitle TEST START=========================================
2022-05-21 13:44:14 INFO  Logs:14 - =====================================verifyTitle TEST END=========================================
2022-05-21 13:44:20 INFO  Logs:10 - =====================================verifyTotalPrice TEST START=========================================
2022-05-21 13:44:32 INFO  Logs:14 - =====================================verifyTotalPrice TEST END=========================================
2022-05-21 13:44:39 INFO  Logs:10 - =====================================productAvailabilityTest TEST START=========================================
2022-05-21 13:44:43 INFO  Logs:14 - =====================================productAvailabilityTest TEST END=========================================
2022-05-21 13:44:50 INFO  Logs:10 - =====================================addToCartTest TEST START=========================================
2022-05-21 13:45:00 INFO  Logs:14 - =====================================addToCartTest TEST END=========================================
2022-05-21 13:45:06 INFO  Logs:10 - =====================================endToEndTest TEST START=========================================
2022-05-21 13:45:38 INFO  Logs:14 - =====================================endToEndTest TEST END=========================================
2022-05-21 13:45:44 INFO  Logs:10 - =====================================verifyCreateAccountPageTest TEST START=========================================
2022-05-21 13:45:55 INFO  Logs:14 - =====================================verifyCreateAccountPageTest TEST END=========================================
2022-05-21 13:46:04 INFO  Logs:10 - =====================================loginTest TEST START=========================================
2022-05-21 13:46:04 INFO  Logs:21 - user is going to click on SignIn
2022-05-21 13:46:14 INFO  Logs:21 - Enter Username and Password
2022-05-21 13:46:22 INFO  Logs:21 - Verifying if user is able to login
2022-05-21 13:46:22 INFO  Logs:21 - Login is Sucess
2022-05-21 13:46:22 INFO  Logs:14 - =====================================loginTest TEST END=========================================
2022-05-21 13:46:30 INFO  Logs:10 - =====================================orderHistoryandDetailsTest TEST START=========================================
2022-05-21 13:46:43 INFO  Logs:14 - =====================================orderHistoryandDetailsTest TEST END=========================================
2022-05-21 13:46:54 INFO  Logs:10 - =====================================wishListTest TEST START=========================================
2022-05-21 13:47:10 INFO  Logs:14 - =====================================wishListTest TEST END=========================================
2022-05-21 13:47:45 INFO  Logs:10 - =====================================verifyLogo TEST START=========================================
2022-05-21 13:47:45 INFO  Logs:14 - =====================================verifyLogo TEST END=========================================
2022-05-21 13:47:52 INFO  Logs:10 - =====================================verifyLogo TEST START=========================================
2022-05-21 13:47:52 INFO  Logs:14 - =====================================verifyLogo TEST END=========================================
2022-05-21 13:47:59 INFO  Logs:10 - =====================================verifyTitle TEST START=========================================
2022-05-21 13:47:59 INFO  Logs:14 - =====================================verifyTitle TEST END=========================================
2022-05-21 13:48:05 INFO  Logs:10 - =====================================verifyTitle TEST START=========================================
2022-05-21 13:48:05 INFO  Logs:14 - =====================================verifyTitle TEST END=========================================
2022-05-21 13:48:57 INFO  Logs:10 - =====================================verifyTotalPrice TEST START=========================================
2022-05-21 13:49:17 INFO  Logs:14 - =====================================verifyTotalPrice TEST END=========================================
2022-05-21 13:49:21 INFO  Logs:10 - =====================================addToCartTest TEST START=========================================
2022-05-21 13:49:29 INFO  Logs:10 - =====================================verifyLogo TEST START=========================================
2022-05-21 13:49:30 INFO  Logs:14 - =====================================verifyLogo TEST END=========================================
2022-05-21 13:49:40 INFO  Logs:10 - =====================================verifyLogo TEST START=========================================
2022-05-21 13:49:41 INFO  Logs:14 - =====================================verifyLogo TEST END=========================================
2022-05-21 13:49:44 INFO  Logs:14 - =====================================addToCartTest TEST END=========================================
2022-05-21 13:49:52 INFO  Logs:10 - =====================================addToCartTest TEST START=========================================
2022-05-21 13:50:06 INFO  Logs:10 - =====================================verifyTitle TEST START=========================================
2022-05-21 13:50:06 INFO  Logs:14 - =====================================verifyTitle TEST END=========================================
2022-05-21 13:50:07 INFO  Logs:10 - =====================================verifyTitle TEST START=========================================
2022-05-21 13:50:07 INFO  Logs:14 - =====================================verifyTitle TEST END=========================================
2022-05-21 13:50:08 INFO  Logs:10 - =====================================verifyCreateAccountPageTest TEST START=========================================
2022-05-21 13:50:10 INFO  Logs:14 - =====================================addToCartTest TEST END=========================================
2022-05-21 13:50:16 INFO  Logs:14 - =====================================verifyCreateAccountPageTest TEST END=========================================
2022-05-21 13:50:34 INFO  Logs:10 - =====================================verifyTotalPrice TEST START=========================================
2022-05-21 13:50:35 INFO  Logs:10 - =====================================productAvailabilityTest TEST START=========================================
2022-05-21 13:50:38 INFO  Logs:10 - =====================================loginTest TEST START=========================================
2022-05-21 13:50:38 INFO  Logs:21 - user is going to click on SignIn
2022-05-21 13:50:39 INFO  Logs:10 - =====================================endToEndTest TEST START=========================================
2022-05-21 13:50:44 INFO  Logs:14 - =====================================productAvailabilityTest TEST END=========================================
2022-05-21 13:50:53 INFO  Logs:21 - Enter Username and Password
2022-05-21 13:50:57 INFO  Logs:14 - =====================================verifyTotalPrice TEST END=========================================
2022-05-21 13:51:02 INFO  Logs:21 - Verifying if user is able to login
2022-05-21 13:51:02 INFO  Logs:21 - Login is Sucess
2022-05-21 13:51:02 INFO  Logs:14 - =====================================loginTest TEST END=========================================
2022-05-21 13:51:02 INFO  Logs:10 - =====================================loginTest TEST START=========================================
2022-05-21 13:51:02 INFO  Logs:21 - user is going to click on SignIn
2022-05-21 13:51:10 INFO  Logs:10 - =====================================productAvailabilityTest TEST START=========================================
2022-05-21 13:51:10 INFO  Logs:21 - Enter Username and Password
2022-05-21 13:51:15 INFO  Logs:14 - =====================================productAvailabilityTest TEST END=========================================
2022-05-21 13:51:17 INFO  Logs:21 - Verifying if user is able to login
2022-05-21 13:51:17 INFO  Logs:21 - Login is Sucess
2022-05-21 13:51:17 INFO  Logs:14 - =====================================loginTest TEST END=========================================
2022-05-21 13:51:26 INFO  Logs:10 - =====================================addToCartTest TEST START=========================================
2022-05-21 13:51:29 INFO  Logs:10 - =====================================orderHistoryandDetailsTest TEST START=========================================
2022-05-21 13:51:34 INFO  Logs:14 - =====================================endToEndTest TEST END=========================================
2022-05-21 13:51:40 INFO  Logs:14 - =====================================addToCartTest TEST END=========================================
2022-05-21 13:51:47 INFO  Logs:14 - =====================================orderHistoryandDetailsTest TEST END=========================================
2022-05-21 13:51:50 INFO  Logs:10 - =====================================endToEndTest TEST START=========================================
2022-05-21 13:52:00 INFO  Logs:10 - =====================================wishListTest TEST START=========================================
2022-05-21 13:52:12 INFO  Logs:14 - =====================================wishListTest TEST END=========================================
2022-05-21 13:52:24 INFO  Logs:14 - =====================================endToEndTest TEST END=========================================
2022-05-21 13:52:30 INFO  Logs:10 - =====================================verifyCreateAccountPageTest TEST START=========================================
2022-05-21 13:52:37 INFO  Logs:14 - =====================================verifyCreateAccountPageTest TEST END=========================================
2022-05-21 13:52:43 INFO  Logs:10 - =====================================loginTest TEST START=========================================
2022-05-21 13:52:43 INFO  Logs:21 - user is going to click on SignIn
2022-05-21 13:52:47 INFO  Logs:21 - Enter Username and Password
2022-05-21 13:52:51 INFO  Logs:21 - Verifying if user is able to login
2022-05-21 13:52:51 INFO  Logs:21 - Login is Sucess
2022-05-21 13:52:51 INFO  Logs:14 - =====================================loginTest TEST END=========================================
2022-05-21 13:52:57 INFO  Logs:10 - =====================================orderHistoryandDetailsTest TEST START=========================================
2022-05-21 13:53:06 INFO  Logs:14 - =====================================orderHistoryandDetailsTest TEST END=========================================
2022-05-21 13:53:12 INFO  Logs:10 - =====================================wishListTest TEST START=========================================
2022-05-21 13:53:23 INFO  Logs:14 - =====================================wishListTest TEST END=========================================
2022-05-21 18:57:58 INFO  Logs:10 - =====================================verifyLogo TEST START=========================================
2022-05-21 18:57:58 INFO  Logs:14 - =====================================verifyLogo TEST END=========================================
2022-05-21 18:58:04 INFO  Logs:10 - =====================================verifyTitle TEST START=========================================
2022-05-21 18:58:11 INFO  Logs:10 - =====================================verifyTotalPrice TEST START=========================================
2022-05-21 18:58:23 INFO  Logs:14 - =====================================verifyTotalPrice TEST END=========================================
2022-05-21 18:58:30 INFO  Logs:10 - =====================================productAvailabilityTest TEST START=========================================
2022-05-21 18:58:33 INFO  Logs:14 - =====================================productAvailabilityTest TEST END=========================================
2022-05-21 18:58:39 INFO  Logs:10 - =====================================addToCartTest TEST START=========================================
2022-05-21 18:58:48 INFO  Logs:14 - =====================================addToCartTest TEST END=========================================
2022-05-21 18:58:56 INFO  Logs:10 - =====================================endToEndTest TEST START=========================================
2022-05-21 18:59:26 INFO  Logs:14 - =====================================endToEndTest TEST END=========================================
2022-05-21 18:59:34 INFO  Logs:10 - =====================================verifyCreateAccountPageTest TEST START=========================================
2022-05-21 18:59:57 INFO  Logs:14 - =====================================verifyCreateAccountPageTest TEST END=========================================
2022-05-21 19:00:08 INFO  Logs:10 - =====================================loginTest TEST START=========================================
2022-05-21 19:00:08 INFO  Logs:21 - user is going to click on SignIn
2022-05-21 19:00:14 INFO  Logs:21 - Enter Username and Password
2022-05-21 19:00:20 INFO  Logs:21 - Verifying if user is able to login
2022-05-21 19:00:20 INFO  Logs:21 - Login is Sucess
2022-05-21 19:00:20 INFO  Logs:14 - =====================================loginTest TEST END=========================================
2022-05-21 19:00:28 INFO  Logs:10 - =====================================orderHistoryandDetailsTest TEST START=========================================
2022-05-21 19:00:35 INFO  Logs:14 - =====================================orderHistoryandDetailsTest TEST END=========================================
2022-05-21 19:00:40 INFO  Logs:10 - =====================================wishListTest TEST START=========================================
2022-05-21 19:00:57 INFO  Logs:14 - =====================================wishListTest TEST END=========================================
2022-05-21 19:00:57 DEBUG cache:45 - Couldn't find template in cache for "v3html/v3-html-index.ftl"("en", UTF-8, parsed); will try to load it.
2022-05-21 19:00:57 DEBUG cache:45 - TemplateLoader.findTemplateSource("v3html/v3-html-index_en.ftl"): Not found
2022-05-21 19:00:57 DEBUG cache:45 - TemplateLoader.findTemplateSource("v3html/v3-html-index.ftl"): Found
2022-05-21 19:00:57 DEBUG cache:45 - Loading template for "v3html/v3-html-index.ftl"("en", UTF-8, parsed) from "jar:file:/C:/Users/vikas/.m2/repository/com/aventstack/extentreports/4.0.9/extentreports-4.0.9.jar!/com/aventstack/extentreports/view/v3html/v3-html-index.ftl"
2022-05-21 19:00:58 DEBUG cache:45 - Couldn't find template in cache for "v3html/v3-html-head.ftl"("en", UTF-8, parsed); will try to load it.
2022-05-21 19:00:58 DEBUG cache:45 - TemplateLoader.findTemplateSource("v3html/v3-html-head_en.ftl"): Not found
2022-05-21 19:00:58 DEBUG cache:45 - TemplateLoader.findTemplateSource("v3html/v3-html-head.ftl"): Found
2022-05-21 19:00:58 DEBUG cache:45 - Loading template for "v3html/v3-html-head.ftl"("en", UTF-8, parsed) from "jar:file:/C:/Users/vikas/.m2/repository/com/aventstack/extentreports/4.0.9/extentreports-4.0.9.jar!/com/aventstack/extentreports/view/v3html/v3-html-head.ftl"
2022-05-21 19:00:58 DEBUG cache:45 - Couldn't find template in cache for "v3html/v3-html-nav.ftl"("en", UTF-8, parsed); will try to load it.
2022-05-21 19:00:58 DEBUG cache:45 - TemplateLoader.findTemplateSource("v3html/v3-html-nav_en.ftl"): Not found
2022-05-21 19:00:58 DEBUG cache:45 - TemplateLoader.findTemplateSource("v3html/v3-html-nav.ftl"): Found
2022-05-21 19:00:58 DEBUG cache:45 - Loading template for "v3html/v3-html-nav.ftl"("en", UTF-8, parsed) from "jar:file:/C:/Users/vikas/.m2/repository/com/aventstack/extentreports/4.0.9/extentreports-4.0.9.jar!/com/aventstack/extentreports/view/v3html/v3-html-nav.ftl"
2022-05-21 19:00:58 DEBUG cache:45 - Couldn't find template in cache for "v3html/test-view/v3-html-test-view.ftl"("en", UTF-8, parsed); will try to load it.
2022-05-21 19:00:58 DEBUG cache:45 - TemplateLoader.findTemplateSource("v3html/test-view/v3-html-test-view_en.ftl"): Not found
2022-05-21 19:00:58 DEBUG cache:45 - TemplateLoader.findTemplateSource("v3html/test-view/v3-html-test-view.ftl"): Found
2022-05-21 19:00:58 DEBUG cache:45 - Loading template for "v3html/test-view/v3-html-test-view.ftl"("en", UTF-8, parsed) from "jar:file:/C:/Users/vikas/.m2/repository/com/aventstack/extentreports/4.0.9/extentreports-4.0.9.jar!/com/aventstack/extentreports/view/v3html/test-view/v3-html-test-view.ftl"
2022-05-21 19:00:58 DEBUG cache:45 - Couldn't find template in cache for "v3html/test-view/v3-html-test-view-charts.ftl"("en", UTF-8, parsed); will try to load it.
2022-05-21 19:00:58 DEBUG cache:45 - TemplateLoader.findTemplateSource("v3html/test-view/v3-html-test-view-charts_en.ftl"): Not found
2022-05-21 19:00:58 DEBUG cache:45 - TemplateLoader.findTemplateSource("v3html/test-view/v3-html-test-view-charts.ftl"): Found
2022-05-21 19:00:58 DEBUG cache:45 - Loading template for "v3html/test-view/v3-html-test-view-charts.ftl"("en", UTF-8, parsed) from "jar:file:/C:/Users/vikas/.m2/repository/com/aventstack/extentreports/4.0.9/extentreports-4.0.9.jar!/com/aventstack/extentreports/view/v3html/test-view/v3-html-test-view-charts.ftl"
2022-05-21 19:00:58 DEBUG cache:45 - Couldn't find template in cache for "v3html/test-view/v3-html-standard.ftl"("en", UTF-8, parsed); will try to load it.
2022-05-21 19:00:58 DEBUG cache:45 - TemplateLoader.findTemplateSource("v3html/test-view/v3-html-standard_en.ftl"): Not found
2022-05-21 19:00:58 DEBUG cache:45 - TemplateLoader.findTemplateSource("v3html/test-view/v3-html-standard.ftl"): Found
2022-05-21 19:00:58 DEBUG cache:45 - Loading template for "v3html/test-view/v3-html-standard.ftl"("en", UTF-8, parsed) from "jar:file:/C:/Users/vikas/.m2/repository/com/aventstack/extentreports/4.0.9/extentreports-4.0.9.jar!/com/aventstack/extentreports/view/v3html/test-view/v3-html-standard.ftl"
2022-05-21 19:00:58 DEBUG cache:45 - "v3html/test-view/v3-html-standard.ftl"("en", UTF-8, parsed) cached copy not yet stale; using cached.
2022-05-21 19:00:58 DEBUG cache:45 - "v3html/test-view/v3-html-standard.ftl"("en", UTF-8, parsed) cached copy not yet stale; using cached.
2022-05-21 19:00:58 DEBUG cache:45 - "v3html/test-view/v3-html-standard.ftl"("en", UTF-8, parsed) cached copy not yet stale; using cached.
2022-05-21 19:00:58 DEBUG cache:45 - "v3html/test-view/v3-html-standard.ftl"("en", UTF-8, parsed) cached copy not yet stale; using cached.
2022-05-21 19:00:58 DEBUG cache:45 - "v3html/test-view/v3-html-standard.ftl"("en", UTF-8, parsed) cached copy not yet stale; using cached.
2022-05-21 19:00:58 DEBUG cache:45 - "v3html/test-view/v3-html-standard.ftl"("en", UTF-8, parsed) cached copy not yet stale; using cached.
2022-05-21 19:00:58 DEBUG cache:45 - "v3html/test-view/v3-html-standard.ftl"("en", UTF-8, parsed) cached copy not yet stale; using cached.
2022-05-21 19:00:58 DEBUG cache:45 - "v3html/test-view/v3-html-standard.ftl"("en", UTF-8, parsed) cached copy not yet stale; using cached.
2022-05-21 19:00:58 DEBUG cache:45 - "v3html/test-view/v3-html-standard.ftl"("en", UTF-8, parsed) cached copy not yet stale; using cached.
2022-05-21 19:00:58 DEBUG cache:45 - Couldn't find template in cache for "v3html/category-view/v3-html-category-view.ftl"("en", UTF-8, parsed); will try to load it.
2022-05-21 19:00:58 DEBUG cache:45 - TemplateLoader.findTemplateSource("v3html/category-view/v3-html-category-view_en.ftl"): Not found
2022-05-21 19:00:58 DEBUG cache:45 - TemplateLoader.findTemplateSource("v3html/category-view/v3-html-category-view.ftl"): Found
2022-05-21 19:00:58 DEBUG cache:45 - Loading template for "v3html/category-view/v3-html-category-view.ftl"("en", UTF-8, parsed) from "jar:file:/C:/Users/vikas/.m2/repository/com/aventstack/extentreports/4.0.9/extentreports-4.0.9.jar!/com/aventstack/extentreports/view/v3html/category-view/v3-html-category-view.ftl"
2022-05-21 19:00:58 DEBUG cache:45 - Couldn't find template in cache for "v3html/exception-view/v3-html-exception-view.ftl"("en", UTF-8, parsed); will try to load it.
2022-05-21 19:00:58 DEBUG cache:45 - TemplateLoader.findTemplateSource("v3html/exception-view/v3-html-exception-view_en.ftl"): Not found
2022-05-21 19:00:58 DEBUG cache:45 - TemplateLoader.findTemplateSource("v3html/exception-view/v3-html-exception-view.ftl"): Found
2022-05-21 19:00:58 DEBUG cache:45 - Loading template for "v3html/exception-view/v3-html-exception-view.ftl"("en", UTF-8, parsed) from "jar:file:/C:/Users/vikas/.m2/repository/com/aventstack/extentreports/4.0.9/extentreports-4.0.9.jar!/com/aventstack/extentreports/view/v3html/exception-view/v3-html-exception-view.ftl"
2022-05-21 19:00:58 DEBUG cache:45 - Couldn't find template in cache for "v3html/author-view/v3-html-author-view.ftl"("en", UTF-8, parsed); will try to load it.
2022-05-21 19:00:58 DEBUG cache:45 - TemplateLoader.findTemplateSource("v3html/author-view/v3-html-author-view_en.ftl"): Not found
2022-05-21 19:00:58 DEBUG cache:45 - TemplateLoader.findTemplateSource("v3html/author-view/v3-html-author-view.ftl"): Found
2022-05-21 19:00:58 DEBUG cache:45 - Loading template for "v3html/author-view/v3-html-author-view.ftl"("en", UTF-8, parsed) from "jar:file:/C:/Users/vikas/.m2/repository/com/aventstack/extentreports/4.0.9/extentreports-4.0.9.jar!/com/aventstack/extentreports/view/v3html/author-view/v3-html-author-view.ftl"
2022-05-21 19:00:58 DEBUG cache:45 - Couldn't find template in cache for "v3html/dashboard-view/v3-html-dashboard-view.ftl"("en", UTF-8, parsed); will try to load it.
2022-05-21 19:00:58 DEBUG cache:45 - TemplateLoader.findTemplateSource("v3html/dashboard-view/v3-html-dashboard-view_en.ftl"): Not found
2022-05-21 19:00:58 DEBUG cache:45 - TemplateLoader.findTemplateSource("v3html/dashboard-view/v3-html-dashboard-view.ftl"): Found
2022-05-21 19:00:58 DEBUG cache:45 - Loading template for "v3html/dashboard-view/v3-html-dashboard-view.ftl"("en", UTF-8, parsed) from "jar:file:/C:/Users/vikas/.m2/repository/com/aventstack/extentreports/4.0.9/extentreports-4.0.9.jar!/com/aventstack/extentreports/view/v3html/dashboard-view/v3-html-dashboard-view.ftl"
2022-05-21 19:00:58 DEBUG cache:45 - Couldn't find template in cache for "v3html/logs-view/v3-html-testrunner-logs-view.ftl"("en", UTF-8, parsed); will try to load it.
2022-05-21 19:00:58 DEBUG cache:45 - TemplateLoader.findTemplateSource("v3html/logs-view/v3-html-testrunner-logs-view_en.ftl"): Not found
2022-05-21 19:00:58 DEBUG cache:45 - TemplateLoader.findTemplateSource("v3html/logs-view/v3-html-testrunner-logs-view.ftl"): Found
2022-05-21 19:00:58 DEBUG cache:45 - Loading template for "v3html/logs-view/v3-html-testrunner-logs-view.ftl"("en", UTF-8, parsed) from "jar:file:/C:/Users/vikas/.m2/repository/com/aventstack/extentreports/4.0.9/extentreports-4.0.9.jar!/com/aventstack/extentreports/view/v3html/logs-view/v3-html-testrunner-logs-view.ftl"
2022-05-21 19:10:02 INFO  Logs:10 - =====================================verifyLogo TEST START=========================================
2022-05-21 19:10:02 INFO  Logs:14 - =====================================verifyLogo TEST END=========================================
2022-05-21 19:10:08 INFO  Logs:10 - =====================================verifyTitle TEST START=========================================
2022-05-21 19:10:16 INFO  Logs:10 - =====================================verifyTotalPrice TEST START=========================================
2022-05-21 19:10:29 INFO  Logs:14 - =====================================verifyTotalPrice TEST END=========================================
2022-05-21 19:10:41 INFO  Logs:10 - =====================================productAvailabilityTest TEST START=========================================
2022-05-21 19:10:47 INFO  Logs:14 - =====================================productAvailabilityTest TEST END=========================================
2022-05-21 19:11:05 INFO  Logs:10 - =====================================addToCartTest TEST START=========================================
2022-05-21 19:11:13 INFO  Logs:14 - =====================================addToCartTest TEST END=========================================
2022-05-21 19:11:20 INFO  Logs:10 - =====================================endToEndTest TEST START=========================================
2022-05-21 19:11:55 INFO  Logs:14 - =====================================endToEndTest TEST END=========================================
2022-05-21 19:12:00 INFO  Logs:10 - =====================================verifyCreateAccountPageTest TEST START=========================================
2022-05-21 19:12:05 INFO  Logs:14 - =====================================verifyCreateAccountPageTest TEST END=========================================
2022-05-21 19:12:11 INFO  Logs:10 - =====================================loginTest TEST START=========================================
2022-05-21 19:12:11 INFO  Logs:21 - user is going to click on SignIn
2022-05-21 19:12:15 INFO  Logs:21 - Enter Username and Password
2022-05-21 19:12:19 INFO  Logs:21 - Verifying if user is able to login
2022-05-21 19:12:19 INFO  Logs:21 - Login is Sucess
2022-05-21 19:12:19 INFO  Logs:14 - =====================================loginTest TEST END=========================================
2022-05-21 19:12:26 INFO  Logs:10 - =====================================orderHistoryandDetailsTest TEST START=========================================
2022-05-21 19:12:39 INFO  Logs:14 - =====================================orderHistoryandDetailsTest TEST END=========================================
2022-05-21 19:12:47 INFO  Logs:10 - =====================================wishListTest TEST START=========================================
2022-05-21 19:12:55 INFO  Logs:14 - =====================================wishListTest TEST END=========================================
2022-05-21 19:12:55 DEBUG cache:45 - Couldn't find template in cache for "v3html/v3-html-index.ftl"("en", UTF-8, parsed); will try to load it.
2022-05-21 19:12:55 DEBUG cache:45 - TemplateLoader.findTemplateSource("v3html/v3-html-index_en.ftl"): Not found
2022-05-21 19:12:55 DEBUG cache:45 - TemplateLoader.findTemplateSource("v3html/v3-html-index.ftl"): Found
2022-05-21 19:12:55 DEBUG cache:45 - Loading template for "v3html/v3-html-index.ftl"("en", UTF-8, parsed) from "jar:file:/C:/Users/vikas/.m2/repository/com/aventstack/extentreports/4.0.9/extentreports-4.0.9.jar!/com/aventstack/extentreports/view/v3html/v3-html-index.ftl"
2022-05-21 19:12:55 DEBUG cache:45 - Couldn't find template in cache for "v3html/v3-html-head.ftl"("en", UTF-8, parsed); will try to load it.
2022-05-21 19:12:55 DEBUG cache:45 - TemplateLoader.findTemplateSource("v3html/v3-html-head_en.ftl"): Not found
2022-05-21 19:12:55 DEBUG cache:45 - TemplateLoader.findTemplateSource("v3html/v3-html-head.ftl"): Found
2022-05-21 19:12:55 DEBUG cache:45 - Loading template for "v3html/v3-html-head.ftl"("en", UTF-8, parsed) from "jar:file:/C:/Users/vikas/.m2/repository/com/aventstack/extentreports/4.0.9/extentreports-4.0.9.jar!/com/aventstack/extentreports/view/v3html/v3-html-head.ftl"
2022-05-21 19:12:55 DEBUG cache:45 - Couldn't find template in cache for "v3html/v3-html-nav.ftl"("en", UTF-8, parsed); will try to load it.
2022-05-21 19:12:55 DEBUG cache:45 - TemplateLoader.findTemplateSource("v3html/v3-html-nav_en.ftl"): Not found
2022-05-21 19:12:55 DEBUG cache:45 - TemplateLoader.findTemplateSource("v3html/v3-html-nav.ftl"): Found
2022-05-21 19:12:55 DEBUG cache:45 - Loading template for "v3html/v3-html-nav.ftl"("en", UTF-8, parsed) from "jar:file:/C:/Users/vikas/.m2/repository/com/aventstack/extentreports/4.0.9/extentreports-4.0.9.jar!/com/aventstack/extentreports/view/v3html/v3-html-nav.ftl"
2022-05-21 19:12:55 DEBUG cache:45 - Couldn't find template in cache for "v3html/test-view/v3-html-test-view.ftl"("en", UTF-8, parsed); will try to load it.
2022-05-21 19:12:55 DEBUG cache:45 - TemplateLoader.findTemplateSource("v3html/test-view/v3-html-test-view_en.ftl"): Not found
2022-05-21 19:12:55 DEBUG cache:45 - TemplateLoader.findTemplateSource("v3html/test-view/v3-html-test-view.ftl"): Found
2022-05-21 19:12:55 DEBUG cache:45 - Loading template for "v3html/test-view/v3-html-test-view.ftl"("en", UTF-8, parsed) from "jar:file:/C:/Users/vikas/.m2/repository/com/aventstack/extentreports/4.0.9/extentreports-4.0.9.jar!/com/aventstack/extentreports/view/v3html/test-view/v3-html-test-view.ftl"
2022-05-21 19:12:55 DEBUG cache:45 - Couldn't find template in cache for "v3html/test-view/v3-html-test-view-charts.ftl"("en", UTF-8, parsed); will try to load it.
2022-05-21 19:12:55 DEBUG cache:45 - TemplateLoader.findTemplateSource("v3html/test-view/v3-html-test-view-charts_en.ftl"): Not found
2022-05-21 19:12:55 DEBUG cache:45 - TemplateLoader.findTemplateSource("v3html/test-view/v3-html-test-view-charts.ftl"): Found
2022-05-21 19:12:55 DEBUG cache:45 - Loading template for "v3html/test-view/v3-html-test-view-charts.ftl"("en", UTF-8, parsed) from "jar:file:/C:/Users/vikas/.m2/repository/com/aventstack/extentreports/4.0.9/extentreports-4.0.9.jar!/com/aventstack/extentreports/view/v3html/test-view/v3-html-test-view-charts.ftl"
2022-05-21 19:12:55 DEBUG cache:45 - Couldn't find template in cache for "v3html/test-view/v3-html-standard.ftl"("en", UTF-8, parsed); will try to load it.
2022-05-21 19:12:55 DEBUG cache:45 - TemplateLoader.findTemplateSource("v3html/test-view/v3-html-standard_en.ftl"): Not found
2022-05-21 19:12:55 DEBUG cache:45 - TemplateLoader.findTemplateSource("v3html/test-view/v3-html-standard.ftl"): Found
2022-05-21 19:12:55 DEBUG cache:45 - Loading template for "v3html/test-view/v3-html-standard.ftl"("en", UTF-8, parsed) from "jar:file:/C:/Users/vikas/.m2/repository/com/aventstack/extentreports/4.0.9/extentreports-4.0.9.jar!/com/aventstack/extentreports/view/v3html/test-view/v3-html-standard.ftl"
2022-05-21 19:12:55 DEBUG cache:45 - "v3html/test-view/v3-html-standard.ftl"("en", UTF-8, parsed) cached copy not yet stale; using cached.
2022-05-21 19:12:55 DEBUG cache:45 - "v3html/test-view/v3-html-standard.ftl"("en", UTF-8, parsed) cached copy not yet stale; using cached.
2022-05-21 19:12:55 DEBUG cache:45 - "v3html/test-view/v3-html-standard.ftl"("en", UTF-8, parsed) cached copy not yet stale; using cached.
2022-05-21 19:12:55 DEBUG cache:45 - "v3html/test-view/v3-html-standard.ftl"("en", UTF-8, parsed) cached copy not yet stale; using cached.
2022-05-21 19:12:55 DEBUG cache:45 - "v3html/test-view/v3-html-standard.ftl"("en", UTF-8, parsed) cached copy not yet stale; using cached.
2022-05-21 19:12:55 DEBUG cache:45 - "v3html/test-view/v3-html-standard.ftl"("en", UTF-8, parsed) cached copy not yet stale; using cached.
2022-05-21 19:12:55 DEBUG cache:45 - "v3html/test-view/v3-html-standard.ftl"("en", UTF-8, parsed) cached copy not yet stale; using cached.
2022-05-21 19:12:55 DEBUG cache:45 - "v3html/test-view/v3-html-standard.ftl"("en", UTF-8, parsed) cached copy not yet stale; using cached.
2022-05-21 19:12:55 DEBUG cache:45 - "v3html/test-view/v3-html-standard.ftl"("en", UTF-8, parsed) cached copy not yet stale; using cached.
2022-05-21 19:12:55 DEBUG cache:45 - Couldn't find template in cache for "v3html/category-view/v3-html-category-view.ftl"("en", UTF-8, parsed); will try to load it.
2022-05-21 19:12:55 DEBUG cache:45 - TemplateLoader.findTemplateSource("v3html/category-view/v3-html-category-view_en.ftl"): Not found
2022-05-21 19:12:55 DEBUG cache:45 - TemplateLoader.findTemplateSource("v3html/category-view/v3-html-category-view.ftl"): Found
2022-05-21 19:12:55 DEBUG cache:45 - Loading template for "v3html/category-view/v3-html-category-view.ftl"("en", UTF-8, parsed) from "jar:file:/C:/Users/vikas/.m2/repository/com/aventstack/extentreports/4.0.9/extentreports-4.0.9.jar!/com/aventstack/extentreports/view/v3html/category-view/v3-html-category-view.ftl"
2022-05-21 19:12:55 DEBUG cache:45 - Couldn't find template in cache for "v3html/exception-view/v3-html-exception-view.ftl"("en", UTF-8, parsed); will try to load it.
2022-05-21 19:12:55 DEBUG cache:45 - TemplateLoader.findTemplateSource("v3html/exception-view/v3-html-exception-view_en.ftl"): Not found
2022-05-21 19:12:55 DEBUG cache:45 - TemplateLoader.findTemplateSource("v3html/exception-view/v3-html-exception-view.ftl"): Found
2022-05-21 19:12:55 DEBUG cache:45 - Loading template for "v3html/exception-view/v3-html-exception-view.ftl"("en", UTF-8, parsed) from "jar:file:/C:/Users/vikas/.m2/repository/com/aventstack/extentreports/4.0.9/extentreports-4.0.9.jar!/com/aventstack/extentreports/view/v3html/exception-view/v3-html-exception-view.ftl"
2022-05-21 19:12:55 DEBUG cache:45 - Couldn't find template in cache for "v3html/author-view/v3-html-author-view.ftl"("en", UTF-8, parsed); will try to load it.
2022-05-21 19:12:55 DEBUG cache:45 - TemplateLoader.findTemplateSource("v3html/author-view/v3-html-author-view_en.ftl"): Not found
2022-05-21 19:12:55 DEBUG cache:45 - TemplateLoader.findTemplateSource("v3html/author-view/v3-html-author-view.ftl"): Found
2022-05-21 19:12:55 DEBUG cache:45 - Loading template for "v3html/author-view/v3-html-author-view.ftl"("en", UTF-8, parsed) from "jar:file:/C:/Users/vikas/.m2/repository/com/aventstack/extentreports/4.0.9/extentreports-4.0.9.jar!/com/aventstack/extentreports/view/v3html/author-view/v3-html-author-view.ftl"
2022-05-21 19:12:55 DEBUG cache:45 - Couldn't find template in cache for "v3html/dashboard-view/v3-html-dashboard-view.ftl"("en", UTF-8, parsed); will try to load it.
2022-05-21 19:12:55 DEBUG cache:45 - TemplateLoader.findTemplateSource("v3html/dashboard-view/v3-html-dashboard-view_en.ftl"): Not found
2022-05-21 19:12:55 DEBUG cache:45 - TemplateLoader.findTemplateSource("v3html/dashboard-view/v3-html-dashboard-view.ftl"): Found
2022-05-21 19:12:55 DEBUG cache:45 - Loading template for "v3html/dashboard-view/v3-html-dashboard-view.ftl"("en", UTF-8, parsed) from "jar:file:/C:/Users/vikas/.m2/repository/com/aventstack/extentreports/4.0.9/extentreports-4.0.9.jar!/com/aventstack/extentreports/view/v3html/dashboard-view/v3-html-dashboard-view.ftl"
2022-05-21 19:12:55 DEBUG cache:45 - Couldn't find template in cache for "v3html/logs-view/v3-html-testrunner-logs-view.ftl"("en", UTF-8, parsed); will try to load it.
2022-05-21 19:12:55 DEBUG cache:45 - TemplateLoader.findTemplateSource("v3html/logs-view/v3-html-testrunner-logs-view_en.ftl"): Not found
2022-05-21 19:12:55 DEBUG cache:45 - TemplateLoader.findTemplateSource("v3html/logs-view/v3-html-testrunner-logs-view.ftl"): Found
2022-05-21 19:12:55 DEBUG cache:45 - Loading template for "v3html/logs-view/v3-html-testrunner-logs-view.ftl"("en", UTF-8, parsed) from "jar:file:/C:/Users/vikas/.m2/repository/com/aventstack/extentreports/4.0.9/extentreports-4.0.9.jar!/com/aventstack/extentreports/view/v3html/logs-view/v3-html-testrunner-logs-view.ftl"
